Summary of SPARK analysis
=========================

-------------------------------------------------------------------------------------------------------------
SPARK Analysis results        Total       Flow   CodePeer                      Provers   Justified   Unproved
-------------------------------------------------------------------------------------------------------------
Data Dependencies                 1          1          .                            .           .          .
Flow Dependencies                 1          1          .                            .           .          .
Initialization                    .          .          .                            .           .          .
Non-Aliasing                      .          .          .                            .           .          .
Run-time Checks                   8          .          .    6 (CVC4 70%, Trivial 30%)           .          2
Assertions                        2          .          .                     1 (CVC4)           .          1
Functional Contracts              1          .          .                  1 (Trivial)           .          .
LSP Verification                  .          .          .                            .           .          .
Termination                       .          .          .                            .           .          .
Concurrency                       .          .          .                            .           .          .
-------------------------------------------------------------------------------------------------------------
Total                            13    2 (15%)          .                      8 (62%)           .    3 (23%)


max steps used for successful proof: 449

Analyzed 1 unit
in unit pkg_media, 2 subprograms and packages out of 2 analyzed
  Pkg_Media at pkg_media.ads:1 flow analyzed (0 errors, 0 checks and 0 warnings) and proved (0 checks)
  Pkg_Media.Media at pkg_media.ads:5 flow analyzed (0 errors, 0 checks and 0 warnings) and not proved, 8 checks out of 11 proved
