Summary of SPARK analysis
=========================

-------------------------------------------------------------------------------------------------------------
SPARK Analysis results        Total       Flow   CodePeer                      Provers   Justified   Unproved
-------------------------------------------------------------------------------------------------------------
Data Dependencies                 1          1          .                            .           .          .
Flow Dependencies                 1          1          .                            .           .          .
Initialization                    .          .          .                            .           .          .
Non-Aliasing                      .          .          .                            .           .          .
Run-time Checks                   9          .          .                     8 (CVC4)           .          1
Assertions                        4          .          .    4 (CVC4 75%, Trivial 25%)           .          .
Functional Contracts              1          .          .    1 (CVC4 67%, Trivial 33%)           .          .
LSP Verification                  .          .          .                            .           .          .
Termination                       1          .          .                     1 (CVC4)           .          .
Concurrency                       .          .          .                            .           .          .
-------------------------------------------------------------------------------------------------------------
Total                            17    2 (12%)          .                     14 (82%)           .     1 (6%)


max steps used for successful proof: 1

Analyzed 1 unit
in unit pkg_moda, 2 subprograms and packages out of 2 analyzed
  Pkg_Moda at pkg_moda.ads:1 flow analyzed (0 errors, 0 checks and 0 warnings) and proved (0 checks)
  Pkg_Moda.Moda at pkg_moda.ads:7 flow analyzed (0 errors, 0 checks and 0 warnings) and not proved, 14 checks out of 15 proved
