Summary of SPARK analysis
=========================

--------------------------------------------------------------------------------------------
SPARK Analysis results        Total       Flow   CodePeer     Provers   Justified   Unproved
--------------------------------------------------------------------------------------------
Data Dependencies                 1          1          .           .           .          .
Flow Dependencies                 .          .          .           .           .          .
Initialization                    .          .          .           .           .          .
Non-Aliasing                      .          .          .           .           .          .
Run-time Checks                   4          .          .    2 (CVC4)           .          2
Assertions                        .          .          .           .           .          .
Functional Contracts              1          .          .    1 (CVC4)           .          .
LSP Verification                  .          .          .           .           .          .
Termination                       .          .          .           .           .          .
Concurrency                       .          .          .           .           .          .
--------------------------------------------------------------------------------------------
Total                             6    1 (17%)          .     3 (50%)           .    2 (33%)


max steps used for successful proof: 1

Analyzed 3 units
in unit main, 0 subprograms and packages out of 1 analyzed
  Main at main.adb:6 skipped
in unit pkg_add, 2 subprograms and packages out of 2 analyzed
  Pkg_Add at pkg_add.ads:1 flow analyzed (0 errors, 0 checks and 0 warnings) and proved (0 checks)
  Pkg_Add.Add at pkg_add.ads:3 flow analyzed (0 errors, 0 checks and 0 warnings) and not proved, 3 checks out of 5 proved
in unit tests_add, 0 subprograms and packages out of 1 analyzed
  Tests_Add at tests_add.adb:7 skipped
