Summary of SPARK analysis
=========================

-------------------------------------------------------------------------------------------------------------
SPARK Analysis results        Total       Flow   CodePeer                      Provers   Justified   Unproved
-------------------------------------------------------------------------------------------------------------
Data Dependencies                 1          1          .                            .           .          .
Flow Dependencies                 1          1          .                            .           .          .
Initialization                    .          .          .                            .           .          .
Non-Aliasing                      .          .          .                            .           .          .
Run-time Checks                   9          .          .                     8 (CVC4)           .          1
Assertions                        2          .          .    2 (CVC4 50%, Trivial 50%)           .          .
Functional Contracts              1          .          .                            .           .          1
LSP Verification                  .          .          .                            .           .          .
Termination                       1          .          .                     1 (CVC4)           .          .
Concurrency                       .          .          .                            .           .          .
-------------------------------------------------------------------------------------------------------------
Total                            15    2 (13%)          .                     11 (73%)           .    2 (13%)


max steps used for successful proof: 1

Analyzed 1 unit
in unit pkg_fromnegativetozero, 2 subprograms and packages out of 2 analyzed
  Pkg_fromNegativeToZero at pkg_fromnegativetozero.ads:1 flow analyzed (0 errors, 0 checks and 0 warnings) and proved (0 checks)
  Pkg_fromNegativeToZero.fromNegativeToZero at pkg_fromnegativetozero.ads:7 flow analyzed (0 errors, 0 checks and 0 warnings) and not proved, 11 checks out of 13 proved
