Summary of SPARK analysis
=========================

-----------------------------------------------------------------------------------------------
SPARK Analysis results        Total       Flow   CodePeer        Provers   Justified   Unproved
-----------------------------------------------------------------------------------------------
Data Dependencies                 1          1          .              .           .          .
Flow Dependencies                 1          1          .              .           .          .
Initialization                    1          1          .              .           .          .
Non-Aliasing                      .          .          .              .           .          .
Run-time Checks                   1          .          .       1 (CVC4)           .          .
Assertions                        2          .          .       1 (CVC4)           .          1
Functional Contracts              1          .          .    1 (Trivial)           .          .
LSP Verification                  .          .          .              .           .          .
Termination                       .          .          .              .           .          .
Concurrency                       .          .          .              .           .          .
-----------------------------------------------------------------------------------------------
Total                             7    3 (43%)          .        3 (43%)           .    1 (14%)


max steps used for successful proof: 1

Analyzed 1 unit
in unit pkg_moda, 2 subprograms and packages out of 2 analyzed
  Pkg_Moda at pkg_moda.ads:1 flow analyzed (0 errors, 0 checks and 0 warnings) and proved (0 checks)
  Pkg_Moda.Moda at pkg_moda.ads:5 flow analyzed (0 errors, 0 checks and 0 warnings) and not proved, 3 checks out of 4 proved
