Summary of SPARK analysis
=========================

--------------------------------------------------------------------------------------------
SPARK Analysis results        Total       Flow   CodePeer     Provers   Justified   Unproved
--------------------------------------------------------------------------------------------
Data Dependencies                 .          .          .           .           .          .
Flow Dependencies                 .          .          .           .           .          .
Initialization                    1          1          .           .           .          .
Non-Aliasing                      .          .          .           .           .          .
Run-time Checks                   2          .          .    1 (CVC4)           .          1
Assertions                        .          .          .           .           .          .
Functional Contracts              2          .          .           .           .          2
LSP Verification                  .          .          .           .           .          .
Termination                       .          .          .           .           .          .
Concurrency                       .          .          .           .           .          .
--------------------------------------------------------------------------------------------
Total                             5    1 (20%)          .     1 (20%)           .    3 (60%)


max steps used for successful proof: 1

Analyzed 1 unit
in unit pkg_multiply, 2 subprograms and packages out of 2 analyzed
  Pkg_Multiply at pkg_multiply.ads:1 flow analyzed (0 errors, 0 checks and 0 warnings) and proved (0 checks)
  Pkg_Multiply.Multiply at pkg_multiply.ads:3 flow analyzed (0 errors, 0 checks and 0 warnings) and not proved, 1 checks out of 4 proved
