Summary of SPARK analysis
=========================

-----------------------------------------------------------------------------------------
SPARK Analysis results        Total      Flow   CodePeer   Provers   Justified   Unproved
-----------------------------------------------------------------------------------------
Data Dependencies                 .         .          .         .           .          .
Flow Dependencies                 .         .          .         .           .          .
Initialization                    .         .          .         .           .          .
Non-Aliasing                      .         .          .         .           .          .
Run-time Checks                   .         .          .         .           .          .
Assertions                        .         .          .         .           .          .
Functional Contracts              .         .          .         .           .          .
LSP Verification                  .         .          .         .           .          .
Termination                       .         .          .         .           .          .
Concurrency                       .         .          .         .           .          .
-----------------------------------------------------------------------------------------
Total                             .         .          .         .           .          .


max steps used for successful proof: 0

Analyzed 1 unit
in unit abs_function, 2 subprograms and packages out of 2 analyzed
  Abs_function at abs_function.ads:1 flow analyzed (0 errors, 0 checks and 0 warnings)
  Abs_function.abs_value at abs_function.ads:3 flow analyzed (0 errors, 0 checks and 0 warnings)
