Summary of SPARK analysis
=========================

--------------------------------------------------------------------------------------------
SPARK Analysis results        Total       Flow   CodePeer     Provers   Justified   Unproved
--------------------------------------------------------------------------------------------
Data Dependencies                 1          1          .           .           .          .
Flow Dependencies                 1          1          .           .           .          .
Initialization                    .          .          .           .           .          .
Non-Aliasing                      .          .          .           .           .          .
Run-time Checks                   9          .          .    6 (CVC4)           .          3
Assertions                        .          .          .           .           .          .
Functional Contracts              1          .          .    1 (CVC4)           .          .
LSP Verification                  .          .          .           .           .          .
Termination                       .          .          .           .           .          .
Concurrency                       .          .          .           .           .          .
--------------------------------------------------------------------------------------------
Total                            12    2 (17%)          .     7 (58%)           .    3 (25%)


max steps used for successful proof: 1

Analyzed 1 unit
in unit pkg_add, 2 subprograms and packages out of 2 analyzed
  Pkg_Add at pkg_add.ads:1 flow analyzed (0 errors, 0 checks and 0 warnings) and proved (0 checks)
  Pkg_Add.Add at pkg_add.ads:3 flow analyzed (0 errors, 0 checks and 0 warnings) and not proved, 7 checks out of 10 proved
