Summary of SPARK analysis
=========================

--------------------------------------------------------------------------------------------
SPARK Analysis results        Total       Flow   CodePeer     Provers   Justified   Unproved
--------------------------------------------------------------------------------------------
Data Dependencies                 1          1          .           .           .          .
Flow Dependencies                 1          1          .           .           .          .
Initialization                    1          1          .           .           .          .
Non-Aliasing                      .          .          .           .           .          .
Run-time Checks                   4          .          .    1 (CVC4)           .          3
Assertions                        2          .          .    1 (CVC4)           .          1
Functional Contracts              1          .          .           .           .          1
LSP Verification                  .          .          .           .           .          .
Termination                       1          .          .    1 (CVC4)           .          .
Concurrency                       .          .          .           .           .          .
--------------------------------------------------------------------------------------------
Total                            11    3 (27%)          .     3 (27%)           .    5 (45%)


max steps used for successful proof: 1

Analyzed 1 unit
in unit pkg_potencia, 2 subprograms and packages out of 2 analyzed
  Pkg_Potencia at pkg_potencia.ads:1 flow analyzed (0 errors, 0 checks and 0 warnings) and proved (0 checks)
  Pkg_Potencia.Potencia at pkg_potencia.ads:3 flow analyzed (0 errors, 0 checks and 0 warnings) and not proved, 3 checks out of 8 proved
