Summary of SPARK analysis
=========================

--------------------------------------------------------------------------------------------
SPARK Analysis results        Total      Flow   CodePeer      Provers   Justified   Unproved
--------------------------------------------------------------------------------------------
Data Dependencies                 1         1          .            .           .          .
Flow Dependencies                 1         1          .            .           .          .
Initialization                    .         .          .            .           .          .
Non-Aliasing                      .         .          .            .           .          .
Run-time Checks                  26         .          .    24 (CVC4)           .          2
Assertions                        6         .          .     6 (CVC4)           .          .
Functional Contracts              1         .          .            .           .          1
LSP Verification                  .         .          .            .           .          .
Termination                       1         .          .     1 (CVC4)           .          .
Concurrency                       .         .          .            .           .          .
--------------------------------------------------------------------------------------------
Total                            36    2 (6%)          .     31 (86%)           .     3 (8%)


max steps used for successful proof: 1

Analyzed 1 unit
in unit example, 2 subprograms and packages out of 2 analyzed
  Example at example.ads:1 flow analyzed (0 errors, 0 checks and 0 warnings) and proved (0 checks)
  Example.Increment at example.ads:5 flow analyzed (0 errors, 0 checks and 0 warnings) and not proved, 31 checks out of 34 proved
