Summary of SPARK analysis
=========================

------------------------------------------------------------------------------------------------------------
SPARK Analysis results        Total       Flow   CodePeer                     Provers   Justified   Unproved
------------------------------------------------------------------------------------------------------------
Data Dependencies                 1          1          .                           .           .          .
Flow Dependencies                 1          1          .                           .           .          .
Initialization                    1          1          .                           .           .          .
Non-Aliasing                      .          .          .                           .           .          .
Run-time Checks                   8          .          .    5 (CVC4 94%, Trivial 6%)           .          3
Assertions                        4          .          .                    4 (CVC4)           .          .
Functional Contracts              1          .          .                    1 (CVC4)           .          .
LSP Verification                  .          .          .                           .           .          .
Termination                       .          .          .                           .           .          .
Concurrency                       .          .          .                           .           .          .
------------------------------------------------------------------------------------------------------------
Total                            16    3 (19%)          .                    10 (63%)           .    3 (19%)


max steps used for successful proof: 1

Analyzed 1 unit
in unit example, 2 subprograms and packages out of 2 analyzed
  Example at example.ads:1 flow analyzed (0 errors, 0 checks and 0 warnings) and proved (0 checks)
  Example.Init_For_Loop at example.ads:6 flow analyzed (0 errors, 0 checks and 0 warnings) and not proved, 10 checks out of 13 proved
