Summary of SPARK analysis
=========================

-------------------------------------------------------------------------------------------
SPARK Analysis results        Total      Flow   CodePeer     Provers   Justified   Unproved
-------------------------------------------------------------------------------------------
Data Dependencies                 .         .          .           .           .          .
Flow Dependencies                 .         .          .           .           .          .
Initialization                    1         1          .           .           .          .
Non-Aliasing                      .         .          .           .           .          .
Run-time Checks                   8         .          .    8 (CVC4)           .          .
Assertions                        .         .          .           .           .          .
Functional Contracts              2         .          .    2 (CVC4)           .          .
LSP Verification                  .         .          .           .           .          .
Termination                       .         .          .           .           .          .
Concurrency                       .         .          .           .           .          .
-------------------------------------------------------------------------------------------
Total                            11    1 (9%)          .    10 (91%)           .          .


max steps used for successful proof: 1

Analyzed 2 units
in unit example, 3 subprograms and packages out of 3 analyzed
  Example at example.ads:1 flow analyzed (0 errors, 0 checks and 0 warnings) and proved (0 checks)
  Example.Absolute_Value at example.ads:3 flow analyzed (0 errors, 0 checks and 0 warnings) and proved (5 checks)
  Example.Absolute_Value at example.ads:8 flow analyzed (0 errors, 0 checks and 0 warnings) and proved (5 checks)
in unit main, 0 subprograms and packages out of 1 analyzed
  Main at main.adb:4 skipped
