Summary of SPARK analysis
=========================

--------------------------------------------------------------------------------------------
SPARK Analysis results        Total       Flow   CodePeer     Provers   Justified   Unproved
--------------------------------------------------------------------------------------------
Data Dependencies                 1          1          .           .           .          .
Flow Dependencies                 1          1          .           .           .          .
Initialization                    .          .          .           .           .          .
Non-Aliasing                      .          .          .           .           .          .
Run-time Checks                   3          .          .    2 (CVC4)           .          1
Assertions                        .          .          .           .           .          .
Functional Contracts              1          .          .    1 (CVC4)           .          .
LSP Verification                  .          .          .           .           .          .
Termination                       .          .          .           .           .          .
Concurrency                       .          .          .           .           .          .
--------------------------------------------------------------------------------------------
Total                             6    2 (33%)          .     3 (50%)           .    1 (17%)


max steps used for successful proof: 1

Analyzed 1 unit
in unit example, 3 subprograms and packages out of 3 analyzed
  Example at example.ads:4 flow analyzed (0 errors, 0 checks and 0 warnings) and proved (0 checks)
  Example.Next_Value at example.ads:6 flow analyzed (0 errors, 0 checks and 0 warnings) and proved (3 checks)
  Example.Next_Value at example.ads:13 flow analyzed (0 errors, 0 checks and 0 warnings) and not proved, 0 checks out of 1 proved
