Summary of SPARK analysis
=========================

-------------------------------------------------------------------------------------------------------------
SPARK Analysis results        Total       Flow   CodePeer                      Provers   Justified   Unproved
-------------------------------------------------------------------------------------------------------------
Data Dependencies                 1          1          .                            .           .          .
Flow Dependencies                 1          1          .                            .           .          .
Initialization                    1          1          .                            .           .          .
Non-Aliasing                      .          .          .                            .           .          .
Run-time Checks                   6          .          .                     1 (CVC4)           .          5
Assertions                        4          .          .    3 (CVC4 80%, altergo 20%)           .          1
Functional Contracts              1          .          .                            .           .          1
LSP Verification                  .          .          .                            .           .          .
Termination                       1          .          .                     1 (CVC4)           .          .
Concurrency                       .          .          .                            .           .          .
-------------------------------------------------------------------------------------------------------------
Total                            15    3 (20%)          .                      5 (33%)           .    7 (47%)


max steps used for successful proof: 29

Analyzed 1 unit
in unit pkg_potencia, 2 subprograms and packages out of 2 analyzed
  Pkg_Potencia at pkg_potencia.ads:1 flow analyzed (0 errors, 0 checks and 0 warnings) and proved (0 checks)
  Pkg_Potencia.Potencia at pkg_potencia.ads:3 flow analyzed (0 errors, 0 checks and 0 warnings) and not proved, 5 checks out of 12 proved
