Summary of SPARK analysis
=========================

------------------------------------------------------------------------------------------
SPARK Analysis results        Total       Flow   CodePeer   Provers   Justified   Unproved
------------------------------------------------------------------------------------------
Data Dependencies                 .          .          .         .           .          .
Flow Dependencies                 .          .          .         .           .          .
Initialization                    1          1          .         .           .          .
Non-Aliasing                      .          .          .         .           .          .
Run-time Checks                   2          .          .         .           .          2
Assertions                        .          .          .         .           .          .
Functional Contracts              .          .          .         .           .          .
LSP Verification                  .          .          .         .           .          .
Termination                       .          .          .         .           .          .
Concurrency                       .          .          .         .           .          .
------------------------------------------------------------------------------------------
Total                             3    1 (33%)          .         .           .    2 (67%)


max steps used for successful proof: 0

Analyzed 1 unit
in unit example, 2 subprograms and packages out of 2 analyzed
  Example at example.ads:1 flow analyzed (0 errors, 0 checks and 0 warnings) and proved (0 checks)
  Example.While_Test at example.ads:3 flow analyzed (0 errors, 0 checks and 0 warnings) and not proved, 0 checks out of 2 proved
