Summary of SPARK analysis
=========================

--------------------------------------------------------------------------------------------
SPARK Analysis results        Total       Flow   CodePeer     Provers   Justified   Unproved
--------------------------------------------------------------------------------------------
Data Dependencies                 2          2          .           .           .          .
Flow Dependencies                 2          2          .           .           .          .
Initialization                    .          .          .           .           .          .
Non-Aliasing                      .          .          .           .           .          .
Run-time Checks                   4          .          .    4 (CVC4)           .          .
Assertions                        .          .          .           .           .          .
Functional Contracts              2          .          .    2 (CVC4)           .          .
LSP Verification                  .          .          .           .           .          .
Termination                       .          .          .           .           .          .
Concurrency                       .          .          .           .           .          .
--------------------------------------------------------------------------------------------
Total                            10    4 (40%)          .     6 (60%)           .          .


max steps used for successful proof: 1

Analyzed 1 unit
in unit example, 3 subprograms and packages out of 3 analyzed
  Example at example.ads:4 flow analyzed (0 errors, 0 checks and 0 warnings) and proved (0 checks)
  Example.Next_Value at example.ads:8 flow analyzed (0 errors, 0 checks and 0 warnings) and proved (3 checks)
  Example.Next_Value at example.ads:14 flow analyzed (0 errors, 0 checks and 0 warnings) and proved (3 checks)
