Summary of SPARK analysis
=========================

--------------------------------------------------------------------------------------------
SPARK Analysis results        Total       Flow   CodePeer     Provers   Justified   Unproved
--------------------------------------------------------------------------------------------
Data Dependencies                 1          1          .           .           .          .
Flow Dependencies                 1          1          .           .           .          .
Initialization                    1          1          .           .           .          .
Non-Aliasing                      .          .          .           .           .          .
Run-time Checks                   4          .          .    4 (CVC4)           .          .
Assertions                        2          .          .    1 (CVC4)           .          1
Functional Contracts              1          .          .           .           .          1
LSP Verification                  .          .          .           .           .          .
Termination                       .          .          .           .           .          .
Concurrency                       .          .          .           .           .          .
--------------------------------------------------------------------------------------------
Total                            10    3 (30%)          .     5 (50%)           .    2 (20%)


max steps used for successful proof: 1

Analyzed 1 unit
in unit pkg_potencia, 2 subprograms and packages out of 2 analyzed
  Pkg_Potencia at pkg_potencia.ads:1 flow analyzed (0 errors, 0 checks and 0 warnings) and proved (0 checks)
  Pkg_Potencia.Potencia at pkg_potencia.ads:5 flow analyzed (0 errors, 0 checks and 0 warnings) and not proved, 5 checks out of 7 proved
