Summary of SPARK analysis
=========================

--------------------------------------------------------------------------------------------
SPARK Analysis results        Total       Flow   CodePeer     Provers   Justified   Unproved
--------------------------------------------------------------------------------------------
Data Dependencies                 1          1          .           .           .          .
Flow Dependencies                 1          1          .           .           .          .
Initialization                    1          1          .           .           .          .
Non-Aliasing                      .          .          .           .           .          .
Run-time Checks                   6          .          .    6 (CVC4)           .          .
Assertions                        2          .          .    2 (CVC4)           .          .
Functional Contracts              1          .          .    1 (CVC4)           .          .
LSP Verification                  .          .          .           .           .          .
Termination                       .          .          .           .           .          .
Concurrency                       .          .          .           .           .          .
--------------------------------------------------------------------------------------------
Total                            12    3 (25%)          .     9 (75%)           .          .


max steps used for successful proof: 1

Analyzed 1 unit
in unit pkg_addtenxtimes, 2 subprograms and packages out of 2 analyzed
  Pkg_addTenXTimes at pkg_addtenxtimes.ads:1 flow analyzed (0 errors, 0 checks and 0 warnings) and proved (0 checks)
  Pkg_addTenXTimes.addTenXTimes at pkg_addtenxtimes.ads:5 flow analyzed (0 errors, 0 checks and 0 warnings) and proved (9 checks)
