Summary of SPARK analysis
=========================

-------------------------------------------------------------------------------------------------------------
SPARK Analysis results        Total       Flow   CodePeer                      Provers   Justified   Unproved
-------------------------------------------------------------------------------------------------------------
Data Dependencies                 1          1          .                            .           .          .
Flow Dependencies                 1          1          .                            .           .          .
Initialization                    .          .          .                            .           .          .
Non-Aliasing                      .          .          .                            .           .          .
Run-time Checks                   6          .          .                     6 (CVC4)           .          .
Assertions                        2          .          .    2 (CVC4 50%, Trivial 50%)           .          .
Functional Contracts              1          .          .    1 (CVC4 67%, Trivial 33%)           .          .
LSP Verification                  .          .          .                            .           .          .
Termination                       .          .          .                            .           .          .
Concurrency                       .          .          .                            .           .          .
-------------------------------------------------------------------------------------------------------------
Total                            11    2 (18%)          .                      9 (82%)           .          .


max steps used for successful proof: 1

Analyzed 1 unit
in unit pkg_moda, 2 subprograms and packages out of 2 analyzed
  Pkg_Moda at pkg_moda.ads:1 flow analyzed (0 errors, 0 checks and 0 warnings) and proved (0 checks)
  Pkg_Moda.Moda at pkg_moda.ads:5 flow analyzed (0 errors, 0 checks and 0 warnings) and proved (9 checks)
