Summary of SPARK analysis
=========================

-------------------------------------------------------------------------------------------
SPARK Analysis results        Total        Flow   CodePeer   Provers   Justified   Unproved
-------------------------------------------------------------------------------------------
Data Dependencies                 2           2          .         .           .          .
Flow Dependencies                 2           2          .         .           .          .
Initialization                    .           .          .         .           .          .
Non-Aliasing                      .           .          .         .           .          .
Run-time Checks                   .           .          .         .           .          .
Assertions                        .           .          .         .           .          .
Functional Contracts              .           .          .         .           .          .
LSP Verification                  .           .          .         .           .          .
Termination                       .           .          .         .           .          .
Concurrency                       .           .          .         .           .          .
-------------------------------------------------------------------------------------------
Total                             4    4 (100%)          .         .           .          .


max steps used for successful proof: 0

Analyzed 1 unit
in unit example, 3 subprograms and packages out of 3 analyzed
  Example at example.ads:4 flow analyzed (0 errors, 0 checks and 0 warnings)
  Example.Next_Value at example.ads:8 flow analyzed (0 errors, 0 checks and 0 warnings)
  Example.Next_Value at example.ads:14 flow analyzed (0 errors, 0 checks and 0 warnings)
