Summary of SPARK analysis
=========================

--------------------------------------------------------------------------------------------
SPARK Analysis results        Total       Flow   CodePeer     Provers   Justified   Unproved
--------------------------------------------------------------------------------------------
Data Dependencies                 .          .          .           .           .          .
Flow Dependencies                 .          .          .           .           .          .
Initialization                    1          1          .           .           .          .
Non-Aliasing                      .          .          .           .           .          .
Run-time Checks                   3          .          .    3 (CVC4)           .          .
Assertions                        2          .          .    2 (CVC4)           .          .
Functional Contracts              .          .          .           .           .          .
LSP Verification                  .          .          .           .           .          .
Termination                       1          .          .    1 (CVC4)           .          .
Concurrency                       .          .          .           .           .          .
--------------------------------------------------------------------------------------------
Total                             7    1 (14%)          .     6 (86%)           .          .


max steps used for successful proof: 1

Analyzed 1 unit
in unit example, 2 subprograms and packages out of 2 analyzed
  Example at example.ads:1 flow analyzed (0 errors, 0 checks and 0 warnings) and proved (0 checks)
  Example.While_Test at example.ads:3 flow analyzed (0 errors, 0 checks and 0 warnings) and proved (6 checks)
