Summary of SPARK analysis
=========================

--------------------------------------------------------------------------------------------
SPARK Analysis results        Total       Flow   CodePeer     Provers   Justified   Unproved
--------------------------------------------------------------------------------------------
Data Dependencies                 1          1          .           .           .          .
Flow Dependencies                 1          1          .           .           .          .
Initialization                    1          1          .           .           .          .
Non-Aliasing                      .          .          .           .           .          .
Run-time Checks                   4          .          .    4 (CVC4)           .          .
Assertions                        2          .          .    2 (CVC4)           .          .
Functional Contracts              1          .          .           .           .          1
LSP Verification                  .          .          .           .           .          .
Termination                       1          .          .    1 (CVC4)           .          .
Concurrency                       .          .          .           .           .          .
--------------------------------------------------------------------------------------------
Total                            11    3 (27%)          .     7 (64%)           .     1 (9%)


max steps used for successful proof: 1

Analyzed 1 unit
in unit example, 2 subprograms and packages out of 2 analyzed
  Example at example.ads:1 flow analyzed (0 errors, 0 checks and 0 warnings) and proved (0 checks)
  Example.While_Test at example.ads:3 flow analyzed (0 errors, 0 checks and 0 warnings) and not proved, 7 checks out of 8 proved
