Summary of SPARK analysis
=========================

-------------------------------------------------------------------------------------------------------------
SPARK Analysis results        Total       Flow   CodePeer                      Provers   Justified   Unproved
-------------------------------------------------------------------------------------------------------------
Data Dependencies                 1          1          .                            .           .          .
Flow Dependencies                 1          1          .                            .           .          .
Initialization                    1          1          .                            .           .          .
Non-Aliasing                      .          .          .                            .           .          .
Run-time Checks                  13          .          .                     9 (CVC4)           .          4
Assertions                        8          .          .                     8 (CVC4)           .          .
Functional Contracts              5          .          .    5 (CVC4 68%, Trivial 32%)           .          .
LSP Verification                  .          .          .                            .           .          .
Termination                       .          .          .                            .           .          .
Concurrency                       .          .          .                            .           .          .
-------------------------------------------------------------------------------------------------------------
Total                            29    3 (10%)          .                     22 (76%)           .    4 (14%)


max steps used for successful proof: 1

Analyzed 1 unit
in unit pkg_multiply, 2 subprograms and packages out of 2 analyzed
  Pkg_Multiply at pkg_multiply.ads:1 flow analyzed (0 errors, 0 checks and 0 warnings) and proved (0 checks)
  Pkg_Multiply.Multiply at pkg_multiply.ads:5 flow analyzed (0 errors, 0 checks and 0 warnings) and not proved, 22 checks out of 26 proved
