Summary of SPARK analysis
=========================

--------------------------------------------------------------------------------------------
SPARK Analysis results        Total      Flow   CodePeer      Provers   Justified   Unproved
--------------------------------------------------------------------------------------------
Data Dependencies                 1         1          .            .           .          .
Flow Dependencies                 1         1          .            .           .          .
Initialization                    .         .          .            .           .          .
Non-Aliasing                      .         .          .            .           .          .
Run-time Checks                  28         .          .    28 (CVC4)           .          .
Assertions                        4         .          .     4 (CVC4)           .          .
Functional Contracts              1         .          .            .           .          1
LSP Verification                  .         .          .            .           .          .
Termination                       .         .          .            .           .          .
Concurrency                       .         .          .            .           .          .
--------------------------------------------------------------------------------------------
Total                            35    2 (6%)          .     32 (91%)           .     1 (3%)


max steps used for successful proof: 1

Analyzed 1 unit
in unit pkg_media, 2 subprograms and packages out of 2 analyzed
  Pkg_Media at pkg_media.ads:1 flow analyzed (0 errors, 0 checks and 0 warnings) and proved (0 checks)
  Pkg_Media.Media at pkg_media.ads:6 flow analyzed (0 errors, 0 checks and 0 warnings) and not proved, 32 checks out of 33 proved
