Summary of SPARK analysis
=========================

------------------------------------------------------------------------------------------------------------
SPARK Analysis results        Total       Flow   CodePeer                     Provers   Justified   Unproved
------------------------------------------------------------------------------------------------------------
Data Dependencies                 1          1          .                           .           .          .
Flow Dependencies                 1          1          .                           .           .          .
Initialization                    1          1          .                           .           .          .
Non-Aliasing                      .          .          .                           .           .          .
Run-time Checks                   8          .          .    7 (CVC4 95%, Trivial 5%)           .          1
Assertions                        6          .          .                    6 (CVC4)           .          .
Functional Contracts              1          .          .                    1 (CVC4)           .          .
LSP Verification                  .          .          .                           .           .          .
Termination                       1          .          .                    1 (CVC4)           .          .
Concurrency                       .          .          .                           .           .          .
------------------------------------------------------------------------------------------------------------
Total                            19    3 (16%)          .                    15 (79%)           .     1 (5%)


max steps used for successful proof: 1

Analyzed 1 unit
in unit example, 2 subprograms and packages out of 2 analyzed
  Example at example.ads:1 flow analyzed (0 errors, 0 checks and 0 warnings) and proved (0 checks)
  Example.Init_While_Loop at example.ads:5 flow analyzed (0 errors, 0 checks and 0 warnings) and not proved, 15 checks out of 16 proved
