Summary of SPARK analysis
=========================

-------------------------------------------------------------------------------------------
SPARK Analysis results        Total        Flow   CodePeer   Provers   Justified   Unproved
-------------------------------------------------------------------------------------------
Data Dependencies                 1           1          .         .           .          .
Flow Dependencies                 1           1          .         .           .          .
Initialization                    .           .          .         .           .          .
Non-Aliasing                      .           .          .         .           .          .
Run-time Checks                   .           .          .         .           .          .
Assertions                        .           .          .         .           .          .
Functional Contracts              .           .          .         .           .          .
LSP Verification                  .           .          .         .           .          .
Termination                       .           .          .         .           .          .
Concurrency                       .           .          .         .           .          .
-------------------------------------------------------------------------------------------
Total                             2    2 (100%)          .         .           .          .


max steps used for successful proof: 0

Analyzed 1 unit
in unit pkg_substracttenaddten, 2 subprograms and packages out of 2 analyzed
  Pkg_substractTenAddTen at pkg_substracttenaddten.ads:1 flow analyzed (0 errors, 0 checks and 0 warnings)
  Pkg_substractTenAddTen.substractTenAddTen at pkg_substracttenaddten.ads:7 flow analyzed (0 errors, 0 checks and 0 warnings)
