Summary of SPARK analysis
=========================

------------------------------------------------------------------------------------------------------------
SPARK Analysis results        Total      Flow   CodePeer                      Provers   Justified   Unproved
------------------------------------------------------------------------------------------------------------
Data Dependencies                 1         1          .                            .           .          .
Flow Dependencies                 1         1          .                            .           .          .
Initialization                    .         .          .                            .           .          .
Non-Aliasing                      .         .          .                            .           .          .
Run-time Checks                  40         .          .                    40 (CVC4)           .          .
Assertions                        4         .          .    4 (CVC4 83%, Trivial 17%)           .          .
Functional Contracts              1         .          .    1 (CVC4 80%, Trivial 20%)           .          .
LSP Verification                  .         .          .                            .           .          .
Termination                       .         .          .                            .           .          .
Concurrency                       .         .          .                            .           .          .
------------------------------------------------------------------------------------------------------------
Total                            47    2 (4%)          .                     45 (96%)           .          .


max steps used for successful proof: 1

Analyzed 1 unit
in unit example, 2 subprograms and packages out of 2 analyzed
  Example at example.ads:1 flow analyzed (0 errors, 0 checks and 0 warnings) and proved (0 checks)
  Example.Increment at example.ads:5 flow analyzed (0 errors, 0 checks and 0 warnings) and proved (45 checks)
