Summary of SPARK analysis
=========================

-------------------------------------------------------------------------------------------------------------
SPARK Analysis results        Total       Flow   CodePeer                      Provers   Justified   Unproved
-------------------------------------------------------------------------------------------------------------
Data Dependencies                 1          1          .                            .           .          .
Flow Dependencies                 1          1          .                            .           .          .
Initialization                    1          1          .                            .           .          .
Non-Aliasing                      .          .          .                            .           .          .
Run-time Checks                   9          .          .                     9 (CVC4)           .          .
Assertions                        .          .          .                            .           .          .
Functional Contracts              4          .          .    4 (CVC4 67%, Trivial 33%)           .          .
LSP Verification                  .          .          .                            .           .          .
Termination                       .          .          .                            .           .          .
Concurrency                       .          .          .                            .           .          .
-------------------------------------------------------------------------------------------------------------
Total                            16    3 (19%)          .                     13 (81%)           .          .


max steps used for successful proof: 1

Analyzed 1 unit
in unit pkg_mediana, 2 subprograms and packages out of 2 analyzed
  Pkg_Mediana at pkg_mediana.ads:1 flow analyzed (0 errors, 0 checks and 0 warnings) and proved (0 checks)
  Pkg_Mediana.Mediana at pkg_mediana.ads:5 flow analyzed (0 errors, 0 checks and 0 warnings) and proved (13 checks)
