Summary of SPARK analysis
=========================

--------------------------------------------------------------------------------------------
SPARK Analysis results        Total       Flow   CodePeer     Provers   Justified   Unproved
--------------------------------------------------------------------------------------------
Data Dependencies                 1          1          .           .           .          .
Flow Dependencies                 1          1          .           .           .          .
Initialization                    1          1          .           .           .          .
Non-Aliasing                      .          .          .           .           .          .
Run-time Checks                   6          .          .    3 (CVC4)           .          3
Assertions                        4          .          .    2 (CVC4)           .          2
Functional Contracts              1          .          .    1 (CVC4)           .          .
LSP Verification                  .          .          .           .           .          .
Termination                       1          .          .    1 (CVC4)           .          .
Concurrency                       .          .          .           .           .          .
--------------------------------------------------------------------------------------------
Total                            15    3 (20%)          .     7 (47%)           .    5 (33%)


max steps used for successful proof: 1

Analyzed 1 unit
in unit pkg_moda, 2 subprograms and packages out of 2 analyzed
  Pkg_Moda at pkg_moda.ads:1 flow analyzed (0 errors, 0 checks and 0 warnings) and proved (0 checks)
  Pkg_Moda.Moda at pkg_moda.ads:7 flow analyzed (0 errors, 0 checks and 0 warnings) and not proved, 7 checks out of 12 proved
