Summary of SPARK analysis
=========================

--------------------------------------------------------------------------------------------
SPARK Analysis results        Total       Flow   CodePeer     Provers   Justified   Unproved
--------------------------------------------------------------------------------------------
Data Dependencies                 1          1          .           .           .          .
Flow Dependencies                 1          1          .           .           .          .
Initialization                    .          .          .           .           .          .
Non-Aliasing                      .          .          .           .           .          .
Run-time Checks                   8          .          .    7 (CVC4)           .          1
Assertions                        4          .          .    4 (CVC4)           .          .
Functional Contracts              1          .          .    1 (CVC4)           .          .
LSP Verification                  .          .          .           .           .          .
Termination                       .          .          .           .           .          .
Concurrency                       .          .          .           .           .          .
--------------------------------------------------------------------------------------------
Total                            15    2 (13%)          .    12 (80%)           .     1 (7%)


max steps used for successful proof: 1

Analyzed 1 unit
in unit example, 2 subprograms and packages out of 2 analyzed
  Example at example.ads:1 flow analyzed (0 errors, 0 checks and 0 warnings) and proved (0 checks)
  Example.Increment at example.ads:5 flow analyzed (0 errors, 0 checks and 0 warnings) and not proved, 12 checks out of 13 proved
