Summary of SPARK analysis
=========================

-----------------------------------------------------------------------------------------------
SPARK Analysis results        Total       Flow   CodePeer        Provers   Justified   Unproved
-----------------------------------------------------------------------------------------------
Data Dependencies                 1          1          .              .           .          .
Flow Dependencies                 1          1          .              .           .          .
Initialization                    1          1          .              .           .          .
Non-Aliasing                      .          .          .              .           .          .
Run-time Checks                   2          .          .              .           .          2
Assertions                        .          .          .              .           .          .
Functional Contracts              1          .          .    1 (Trivial)           .          .
LSP Verification                  .          .          .              .           .          .
Termination                       .          .          .              .           .          .
Concurrency                       .          .          .              .           .          .
-----------------------------------------------------------------------------------------------
Total                             6    3 (50%)          .        1 (17%)           .    2 (33%)


max steps used for successful proof: 0

Analyzed 1 unit
in unit pkg_potencia, 2 subprograms and packages out of 2 analyzed
  Pkg_Potencia at pkg_potencia.ads:1 flow analyzed (0 errors, 0 checks and 0 warnings) and proved (0 checks)
  Pkg_Potencia.Potencia at pkg_potencia.ads:3 flow analyzed (0 errors, 0 checks and 0 warnings) and not proved, 1 checks out of 3 proved
