Summary of SPARK analysis
=========================

--------------------------------------------------------------------------------------------
SPARK Analysis results        Total      Flow   CodePeer      Provers   Justified   Unproved
--------------------------------------------------------------------------------------------
Data Dependencies                 1         1          .            .           .          .
Flow Dependencies                 1         1          .            .           .          .
Initialization                    .         .          .            .           .          .
Non-Aliasing                      .         .          .            .           .          .
Run-time Checks                  36         .          .    36 (CVC4)           .          .
Assertions                        4         .          .     3 (CVC4)           .          1
Functional Contracts              1         .          .            .           .          1
LSP Verification                  .         .          .            .           .          .
Termination                       .         .          .            .           .          .
Concurrency                       .         .          .            .           .          .
--------------------------------------------------------------------------------------------
Total                            43    2 (5%)          .     39 (91%)           .     2 (5%)


max steps used for successful proof: 1

Analyzed 1 unit
in unit pkg_media, 2 subprograms and packages out of 2 analyzed
  Pkg_Media at pkg_media.ads:1 flow analyzed (0 errors, 0 checks and 0 warnings) and proved (0 checks)
  Pkg_Media.Media at pkg_media.ads:6 flow analyzed (0 errors, 0 checks and 0 warnings) and not proved, 39 checks out of 41 proved
